<?xml version="1.0" encoding="UTF-8"?>
<!-- Generated by org.testng.reporters.JUnitReportReporter -->
<testsuite skipped="0" hostname="DESKTOP-I9VEEJE" name="com.leafBot.testcases.TC003_CreateLead" tests="2" failures="0" timestamp="02 Feb 2020 06:12:27 GMT" time="107.647" errors="0">
  <testcase name="createLead" time="38.272" classname="com.leafBot.testcases.TC003_CreateLead"/>
  <testcase name="createLead" time="69.375" classname="com.leafBot.testcases.TC003_CreateLead"/>
</testsuite> <!-- com.leafBot.testcases.TC003_CreateLead -->
